<?xml version="1.0" encoding="UTF-8"?>
<testsuite xmlns:xsi="http://www.w3.org/2001/XMLSchema-instance" xsi:noNamespaceSchemaLocation="https://maven.apache.org/surefire/maven-surefire-plugin/xsd/surefire-test-report-3.0.xsd" version="3.0" name="TestSuite" time="150.702" tests="3" errors="0" skipped="0" failures="0">
  <properties>
[...]
</properties>
  <testcase name="testFillNewOrderAndCancelviaAdmin" classname="tests.CreateOrderTest" time="88.056">
    <system-out><![CDATA[Total Orders before: 586
Toast Message Displayed: Order created successfully!
Total Orders after: 587
Your workflow days have been updated!!
Details button clicked for assignee, remark and attachment section
Assigned user: divya_a@yopmail.com
Stage: 0
Assigned user: divya_a@yopmail.com
Stage: 1
Assigned user: divya_a@yopmail.com
Stage: 2
Assigned user: divya_a@yopmail.com
Stage: 3
Assigned user: divya_a@yopmail.com
Stage: 4
Assigned user: divya_a@yopmail.com
Stage: 5
Remark sent
Attachment save
]]></system-out>
    <system-err><![CDATA[SLF4J: Failed to load class "org.slf4j.impl.StaticLoggerBinder".
SLF4J: Defaulting to no-operation (NOP) logger implementation
SLF4J: See http://www.slf4j.org/codes.html#StaticLoggerBinder for further details.
Jul 03, 2025 4:07:28 PM org.openqa.selenium.devtools.CdpVersionFinder findNearestMatch
WARNING: Unable to find CDP implementation matching 137
Jul 03, 2025 4:07:28 PM org.openqa.selenium.chromium.ChromiumDriver lambda$new$5
WARNING: Unable to find version of CDP to use for 137.0.7151.104. You may need to include a dependency on a specific version of the CDP using something similar to `org.seleniumhq.selenium:selenium-devtools-v86:4.19.1` where the version ("v86") matches the version of the chromium-based browser you're using and the version number of the artifact is the same as Selenium's.
]]></system-err>
  </testcase>
  <testcase name="assigneeFlow" classname="tests.CreateOrderTest" time="42.221">
    <system-out><![CDATA[Login As Asignee
Currently at: Stage 2
Completed Stage: Stage 2
Currently at: Stage 3
Completed Stage: Stage 3
Currently at: Stage 4
Completed Stage: Stage 4
Currently at: Stage 5
Completed Stage: Stage 5
Currently at: Stage 6
Completed Stage: Stage 6
Currently at: Stage 7
Completed Stage: Stage 7
Final Stage 7 completed.
Logout after verifying Stage 7 completion.
]]></system-out>
    <system-err><![CDATA[Jul 03, 2025 4:09:02 PM org.openqa.selenium.devtools.CdpVersionFinder findNearestMatch
WARNING: Unable to find CDP implementation matching 137
Jul 03, 2025 4:09:02 PM org.openqa.selenium.chromium.ChromiumDriver lambda$new$5
WARNING: Unable to find version of CDP to use for 137.0.7151.104. You may need to include a dependency on a specific version of the CDP using something similar to `org.seleniumhq.selenium:selenium-devtools-v86:4.19.1` where the version ("v86") matches the version of the chromium-based browser you're using and the version number of the artifact is the same as Selenium's.
]]></system-err>
  </testcase>
  <testcase name="createOrder" classname="tests.AdminOrderFlowTest" time="3.508">
    <system-out><![CDATA[Login Successfully with Admin Email automation@yopmail.com
Create Status Code: 201
Create Customer Response:
{"customerName":"JANN1 Automation","customerCode":"CUST7890","workflowId":5,"organizationId":8,"region":"MADHYA PRADESH","soQuantity":1000,"umo":"Kg","soDate":"2025-06-17T09:00:00.000Z","singleRollW":50,"filmType":"LDPE","soNumber":"ORD123456","length":200,"width":120,"coreId":"76","od":45,"noOfRolls":25,"destination":"Indore Distribution Center","salesOrderLineNumber":"SO/9821","packagingType":"Shrink Wrap","salesCategory":"Industrial","grade":"A+","promiseDay":"2025-06-20T09:00:00.000Z","palletType":"Euro","requestDate":"2025-06-17T09:00:00.000Z","consigneeDetails":"Indore Warehouse A1","palletTier":"2","currentStage":1,"createdBy":"afb5cb1f-0753-46f2-b144-1b7f64b5e8ea","assignee":["afb5cb1f-0753-46f2-b144-1b7f64b5e8ea"],"customerOrganizationName":"Kestrel Industries Pvt. Ltd.","headerId":null,"lineId":null,"endDate":null,"splittedAt":null,"isSplitted":null,"parentId":null,"remarks":"","orderStatus":"","orderLineStatus":"","collectorName":"","id":2502,"status":"QUEUED","startDate":"2025-07-03T00:00:00.000Z","createdAt":"2025-07-03T10:39:50.374Z","updatedAt":"2025-07-03T10:39:50.374Z","timeData":{}}
Order ID: 2502
Customer found in queue. Customer Name: JANN1 Automation
]]></system-out>
  </testcase>
</testsuite>