<?xml version="1.0" encoding="UTF-8"?>
<testng-results ignored="0" total="2" passed="2" failed="0" skipped="0">
  <reporter-output>
  </reporter-output>
  <suite started-at="2025-06-27T16:02:53 IST" name="Login Test Suite" finished-at="2025-06-27T16:05:11 IST" duration-ms="137561">
    <groups>
    </groups>
    <test started-at="2025-06-27T16:02:53 IST" name="Login Test" finished-at="2025-06-27T16:05:11 IST" duration-ms="137561">
      <class name="tests.CreateOrderTest">
        <test-method is-config="true" signature="setUp()[pri:0, instance:tests.CreateOrderTest@291ae]" started-at="2025-06-27T16:02:53 IST" name="setUp" finished-at="2025-06-27T16:02:57 IST" duration-ms="4335" status="PASS">
          <reporter-output>
          </reporter-output>
        </test-method> <!-- setUp -->
        <test-method signature="testFillNewOrderAndCancelviaAdmin()[pri:1, instance:tests.CreateOrderTest@291ae]" started-at="2025-06-27T16:02:57 IST" name="testFillNewOrderAndCancelviaAdmin" finished-at="2025-06-27T16:04:25 IST" duration-ms="87281" status="PASS">
          <reporter-output>
          </reporter-output>
        </test-method> <!-- testFillNewOrderAndCancelviaAdmin -->
        <test-method is-config="true" signature="tearDown()[pri:0, instance:tests.CreateOrderTest@291ae]" started-at="2025-06-27T16:04:25 IST" name="tearDown" finished-at="2025-06-27T16:04:25 IST" duration-ms="667" status="PASS">
          <reporter-output>
          </reporter-output>
        </test-method> <!-- tearDown -->
        <test-method is-config="true" signature="setUp()[pri:0, instance:tests.CreateOrderTest@291ae]" started-at="2025-06-27T16:04:25 IST" name="setUp" finished-at="2025-06-27T16:04:28 IST" duration-ms="2566" status="PASS">
          <reporter-output>
          </reporter-output>
        </test-method> <!-- setUp -->
        <test-method signature="assigneeFlow()[pri:2, instance:tests.CreateOrderTest@291ae]" started-at="2025-06-27T16:04:28 IST" name="assigneeFlow" finished-at="2025-06-27T16:05:10 IST" duration-ms="42346" status="PASS">
          <reporter-output>
          </reporter-output>
        </test-method> <!-- assigneeFlow -->
        <test-method is-config="true" signature="tearDown()[pri:0, instance:tests.CreateOrderTest@291ae]" started-at="2025-06-27T16:05:10 IST" name="tearDown" finished-at="2025-06-27T16:05:11 IST" duration-ms="294" status="PASS">
          <reporter-output>
          </reporter-output>
        </test-method> <!-- tearDown -->
      </class> <!-- tests.CreateOrderTest -->
    </test> <!-- Login Test -->
  </suite> <!-- Login Test Suite -->
</testng-results>
