<?xml version="1.0" encoding="UTF-8"?>
<testng-results ignored="0" total="2" passed="2" failed="0" skipped="0">
  <reporter-output>
  </reporter-output>
  <suite started-at="2025-06-27T15:29:29 IST" name="Login Test Suite" finished-at="2025-06-27T15:31:42 IST" duration-ms="133003">
    <groups>
    </groups>
    <test started-at="2025-06-27T15:29:29 IST" name="Login Test" finished-at="2025-06-27T15:31:42 IST" duration-ms="133003">
      <class name="tests.CreateOrderTest">
        <test-method is-config="true" signature="setUp()[pri:0, instance:tests.CreateOrderTest@291ae]" started-at="2025-06-27T15:29:29 IST" name="setUp" finished-at="2025-06-27T15:29:34 IST" duration-ms="4247" status="PASS">
          <reporter-output>
          </reporter-output>
        </test-method> <!-- setUp -->
        <test-method signature="testFillNewOrderAndCancelviaAdmin()[pri:1, instance:tests.CreateOrderTest@291ae]" started-at="2025-06-27T15:29:34 IST" name="testFillNewOrderAndCancelviaAdmin" finished-at="2025-06-27T15:30:58 IST" duration-ms="84659" status="PASS">
          <reporter-output>
          </reporter-output>
        </test-method> <!-- testFillNewOrderAndCancelviaAdmin -->
        <test-method is-config="true" signature="tearDown()[pri:0, instance:tests.CreateOrderTest@291ae]" started-at="2025-06-27T15:30:58 IST" name="tearDown" finished-at="2025-06-27T15:30:59 IST" duration-ms="418" status="PASS">
          <reporter-output>
          </reporter-output>
        </test-method> <!-- tearDown -->
        <test-method is-config="true" signature="setUp()[pri:0, instance:tests.CreateOrderTest@291ae]" started-at="2025-06-27T15:30:59 IST" name="setUp" finished-at="2025-06-27T15:31:01 IST" duration-ms="2409" status="PASS">
          <reporter-output>
          </reporter-output>
        </test-method> <!-- setUp -->
        <test-method signature="assigneeFlow()[pri:2, instance:tests.CreateOrderTest@291ae]" started-at="2025-06-27T15:31:01 IST" name="assigneeFlow" finished-at="2025-06-27T15:31:42 IST" duration-ms="40793" status="PASS">
          <reporter-output>
          </reporter-output>
        </test-method> <!-- assigneeFlow -->
        <test-method is-config="true" signature="tearDown()[pri:0, instance:tests.CreateOrderTest@291ae]" started-at="2025-06-27T15:31:42 IST" name="tearDown" finished-at="2025-06-27T15:31:42 IST" duration-ms="395" status="PASS">
          <reporter-output>
          </reporter-output>
        </test-method> <!-- tearDown -->
      </class> <!-- tests.CreateOrderTest -->
    </test> <!-- Login Test -->
  </suite> <!-- Login Test Suite -->
</testng-results>
