<?xml version="1.0" encoding="UTF-8"?>
<testng-results ignored="0" total="1" passed="1" failed="0" skipped="0">
  <reporter-output>
  </reporter-output>
  <suite started-at="2025-06-27T09:25:19 IST" name="Default suite" finished-at="2025-06-27T09:25:33 IST" duration-ms="14469">
    <groups>
    </groups>
    <test started-at="2025-06-27T09:25:19 IST" name="Default test" finished-at="2025-06-27T09:25:33 IST" duration-ms="14469">
      <class name="tests.LoginTest">
        <test-method is-config="true" signature="setup()[pri:0, instance:tests.LoginTest@2a265ea9]" started-at="2025-06-27T09:25:19 IST" name="setup" finished-at="2025-06-27T09:25:24 IST" duration-ms="4877" status="PASS">
          <reporter-output>
          </reporter-output>
        </test-method> <!-- setup -->
        <test-method signature="testLogin()[pri:0, instance:tests.LoginTest@2a265ea9]" started-at="2025-06-27T09:25:24 IST" name="testLogin" finished-at="2025-06-27T09:25:33 IST" duration-ms="8301" status="PASS">
          <reporter-output>
          </reporter-output>
        </test-method> <!-- testLogin -->
        <test-method is-config="true" signature="tearDown()[pri:0, instance:tests.LoginTest@2a265ea9]" started-at="2025-06-27T09:25:33 IST" name="tearDown" finished-at="2025-06-27T09:25:33 IST" duration-ms="926" status="PASS">
          <reporter-output>
          </reporter-output>
        </test-method> <!-- tearDown -->
      </class> <!-- tests.LoginTest -->
    </test> <!-- Default test -->
  </suite> <!-- Default suite -->
</testng-results>
