<?xml version="1.0" encoding="UTF-8"?>
<!-- Generated by org.testng.reporters.JUnitXMLReporter -->
<testsuite ignored="0" hostname="DESKTOP-38Q9L5G" failures="0" tests="2" name="Admin Asignee Order Flow using UI Test" time="140.944" errors="0" timestamp="2025-07-03T16:09:45 IST">
  <testcase classname="tests.CreateOrderTest" name="testFillNewOrderAndCancelviaAdmin" time="88.018"/>
  <testcase classname="tests.CreateOrderTest" name="assigneeFlow" time="42.22"/>
</testsuite> <!-- Admin Asignee Order Flow using UI Test -->
